<?xml version="1.0" encoding="UTF-8"?>
<!-- Generated by org.testng.reporters.JUnitReportReporter -->
<testsuite hostname="ourlaptop" failures="0" tests="1" name="com.ecommerceAutomation.testCases.TC_InvalidLogin_003" time="3.767" errors="0" timestamp="2024-03-10T17:21:12 IST" skipped="0">
  <testcase classname="com.ecommerceAutomation.testCases.TC_InvalidLogin_003" name="InvalidLogin" time="3.767"/>
</testsuite> <!-- com.ecommerceAutomation.testCases.TC_InvalidLogin_003 -->
