<?xml version="1.0" encoding="UTF-8"?>
<!-- Generated by org.testng.reporters.JUnitReportReporter -->
<testsuite hostname="ourlaptop" failures="0" tests="1" name="com.ecommerceAutomation.testCases.TC_RegisterUser_001" time="23.835" errors="0" timestamp="2024-03-10T13:07:16 IST" skipped="0">
  <testcase classname="com.ecommerceAutomation.testCases.TC_RegisterUser_001" name="RegisterUser" time="23.835"/>
</testsuite> <!-- com.ecommerceAutomation.testCases.TC_RegisterUser_001 -->
