<?xml version="1.0" encoding="UTF-8"?>
<!-- Generated by org.testng.reporters.JUnitReportReporter -->
<testsuite hostname="ourlaptop" failures="0" tests="1" name="com.ecommerceAutomation.testCases.TC_ValidLogin_002" time="6.653" errors="0" timestamp="2024-03-10T15:24:21 IST" skipped="0">
  <testcase classname="com.ecommerceAutomation.testCases.TC_ValidLogin_002" name="ValidLogin" time="6.653"/>
</testsuite> <!-- com.ecommerceAutomation.testCases.TC_ValidLogin_002 -->
