<?xml version="1.0" encoding="UTF-8"?>
<!-- Generated by org.testng.reporters.JUnitReportReporter -->
<testsuite hostname="ourlaptop" failures="0" tests="1" name="com.ecommerceAutomation.testCases.TC_LogOut_004" time="11.156" errors="0" timestamp="2024-03-10T17:40:14 IST" skipped="0">
  <testcase classname="com.ecommerceAutomation.testCases.TC_LogOut_004" name="LogOutUser" time="11.156"/>
</testsuite> <!-- com.ecommerceAutomation.testCases.TC_LogOut_004 -->
